1673806204299	geckodriver	INFO	Listening on 127.0.0.1:53168
1673806207338	mozrunner::runner	INFO	Running command: "C:\\Program Files\\Mozilla Firefox\\firefox.exe" "--marionette" "--remote-debugging-port" "53169" "--remote-allow-hosts" "localhost" "-no-remote" "-profile" "C:\\Users\\843E~1\\AppData\\Local\\Temp\\rust_mozprofilepXqGC6"
1673806207809	Marionette	INFO	Marionette enabled
1673806207815	Marionette	INFO	Listening on port 53182
Read port: 53182
WebDriver BiDi listening on ws://127.0.0.1:53169
1673806208346	RemoteAgent	WARN	TLS certificate errors will be ignored for this session
console.warn: SearchSettings: "get: No settings file exists, new profile?" (new NotFoundError("Could not open the file at C:\\Users\\843E~1\\AppData\\Local\\Temp\\rust_mozprofilepXqGC6\\search.json.mozlz4", (void 0)))
DevTools listening on ws://127.0.0.1:53169/devtools/browser/6499ce2c-acf0-4fd1-8cdf-8e9206f15ad9
JavaScript warning: https://st.vk.com/dist/web/grip.61ce6ee28daa8d14fdc5.js?5f9e0ffea797cc93d99c4bddae31d0eb, line 1: WEBGL_debug_renderer_info is deprecated in Firefox and will be removed. Please use RENDERER.
JavaScript warning: https://st.vk.com/dist/web/grip.61ce6ee28daa8d14fdc5.js?5f9e0ffea797cc93d99c4bddae31d0eb, line 1: WEBGL_debug_renderer_info is deprecated in Firefox and will be removed. Please use RENDERER.
console.warn: LoginRecipes: "Falling back to a synchronous message for: https://vk.com."
console.warn: LoginRecipes: "Falling back to a synchronous message for: https://vk.com."
console.warn: LoginRecipes: "Falling back to a synchronous message for: https://vk.com."
console.warn: LoginRecipes: "Falling back to a synchronous message for: https://vk.com."
1673806216633	Marionette	INFO	Stopped listening on port 53182
console.warn: TopSitesFeed: Failed to fetch data from Contile server: NetworkError when attempting to fetch resource.
WARNING: A blocker encountered an error while we were waiting.
          Blocker:  Waiting for ping task
          Phase: TelemetryController: Waiting for pending ping activity
          State: (none)
